Array
(
    [id_cuestionario] => 8
    [texto_pregunta] => Hola
    [tipo_calificacion] => Likert
    [puntaje_maximo] => 4
    [orden] => 
    [dimension] => 
    [dominio] => 
    [categoria] => 
    [grupo_aplicacion] => 
    [condicion] => 
    [opciones] => Array
        (
            [0] => Array
                (
                    [etiqueta] => Siempre
                    [valor] => 4
                )

            [1] => Array
                (
                    [etiqueta] => Casi siempre
                    [valor] => 3
                )

            [2] => Array
                (
                    [etiqueta] => Algunas veces
                    [valor] => 2
                )

            [3] => Array
                (
                    [etiqueta] => Casi nunca
                    [valor] => 1
                )

            [4] => Array
                (
                    [etiqueta] => Nunca
                    [valor] => 0
                )

        )

)
